======================================================================
CellxGene Harvester - 5 Count Normal Cells
======================================================================
Started : 2026-03-02 16:36:29
Log file: data/homo_sapiens_heart_plus_pericardium_with_normal_counts.log
Command : python /mnt/libraries/envs/cellxgene/bin/cellxgene-harvester count-normal-cells data/homo_sapiens_heart_plus_pericardium.csv --uberon data/uberon_heart_plus_pericardium.json --disease data/disease_normal.json --hsapdv data/hsapdv_adult_15.json

UBERON file  : data/uberon_heart_plus_pericardium.json
Disease file : data/disease_normal.json
HsapDv file  : data/hsapdv_adult_15.json
Output       : data/homo_sapiens_heart_plus_pericardium_with_normal_counts.csv

  Loaded UBERON JSON : data/uberon_heart_plus_pericardium.json
  Root terms          : heart plus pericardium
  Total obo_ids       : 263
  Loaded disease JSON : data/disease_normal.json
  Root terms          : normal
  Total obo_ids       : 1
  Loaded HsapDv JSON : data/hsapdv_adult_15.json
  Root terms          : 15-year-old stage, prime adult stage, adult stage, young adult stage, 15-19 year-old
  Total obo_ids       : 119

Starting fresh: data/homo_sapiens_heart_plus_pericardium.csv (47 datasets)
Already processed: 0 / 47

Opening Census connection (once for all datasets)...
Census connection open


[1/47] f3ee7613-b27f-4deb-a5aa-1d4f9a2db963
  Lu (2024.0) - Cell Proliferation
    Querying Census (server-side filtered)...
    Census returned 813 cells (tissue+disease filtered)
  [age filter (HsapDv IDs)]
    Before :      813 cells
    After  :      813 cells
    Removed:        0 cells  (0.0%)
  SUCCESS: 813 normal cells

[2/47] d567b692-c374-4628-a508-8008f6778f22
  Kanemaru (2023.0) - Nature
    Querying Census (server-side filtered)...
    Census returned 704,296 cells (tissue+disease filtered)
  [age filter (HsapDv IDs)]
    Before :  704,296 cells
    After  :  704,296 cells
    Removed:        0 cells  (0.0%)
  SUCCESS: 704,296 normal cells

[3/47] 680029ee-29b3-4e03-bdb3-47d163540ef0
  Kanemaru (2023.0) - Nature
    Querying Census (server-side filtered)...
    Census returned 955 cells (tissue+disease filtered)
  [age filter (HsapDv IDs)]
    Before :      955 cells
    After  :      955 cells
    Removed:        0 cells  (0.0%)
  SUCCESS: 955 normal cells

[4/47] 47214e12-ee1e-4a89-ba9e-48136cfdeef8
  Kanemaru (2023.0) - Nature
    Querying Census (server-side filtered)...
    Census returned 9,857 cells (tissue+disease filtered)
  [age filter (HsapDv IDs)]
    Before :    9,857 cells
    After  :    9,857 cells
    Removed:        0 cells  (0.0%)
  SUCCESS: 9,857 normal cells

[5/47] 364bd0c7-f7fd-48ed-99c1-ae26872b1042
  Xu (2023.0) - Cell
    Querying Census (server-side filtered)...
    Census returned 931,012 cells (tissue+disease filtered)
  [age filter (HsapDv IDs)]
    Before :  931,012 cells
    After  :  931,012 cells
    Removed:        0 cells  (0.0%)
  SUCCESS: 931,012 normal cells

[6/47] e6a11140-2545-46bc-929e-da243eed2cae
  nan (2022.0) - Science
    Querying Census (server-side filtered)...
    Census returned 25,832 cells (tissue+disease filtered)
  [age filter (HsapDv IDs)]
    Before :   25,832 cells
    After  :   25,832 cells
    Removed:        0 cells  (0.0%)
  SUCCESS: 25,832 normal cells

[7/47] c5d88abe-f23a-45fa-a534-788985e93dad
  nan (2022.0) - Science
    Querying Census (server-side filtered)...
    Census returned 6,146 cells (tissue+disease filtered)
  [age filter (HsapDv IDs)]
    Before :    6,146 cells
    After  :    6,146 cells
    Removed:        0 cells  (0.0%)
  SUCCESS: 6,146 normal cells

[8/47] a68b64d8-aee3-4947-81b7-36b8fe5a44d2
  nan (2022.0) - Science
    Querying Census (server-side filtered)...
    Census returned 20,942 cells (tissue+disease filtered)
  [age filter (HsapDv IDs)]
    Before :   20,942 cells
    After  :   20,942 cells
    Removed:        0 cells  (0.0%)
  SUCCESS: 20,942 normal cells

[9/47] a2d4d33e-4c62-4361-b80a-9be53d2e50e8
  nan (2022.0) - Science
    Querying Census (server-side filtered)...
    Census returned 14,174 cells (tissue+disease filtered)
  [age filter (HsapDv IDs)]
    Before :   14,174 cells
    After  :   14,174 cells
    Removed:        0 cells  (0.0%)
  SUCCESS: 14,174 normal cells

[10/47] 97a17473-e2b1-4f31-a544-44a60773e2dd
  nan (2022.0) - Science
    Querying Census (server-side filtered)...
    Census returned 156 cells (tissue+disease filtered)
  [age filter (HsapDv IDs)]
    Before :      156 cells
    After  :      156 cells
    Removed:        0 cells  (0.0%)
  SUCCESS: 156 normal cells

[11/47] 6e4acdae-59ef-452b-a6d4-260cba368586
  nan (2022.0) - Science
    Querying Census (server-side filtered)...
    Census returned 82 cells (tissue+disease filtered)
  [age filter (HsapDv IDs)]
    Before :       82 cells
    After  :       82 cells
    Removed:        0 cells  (0.0%)
  SUCCESS: 82 normal cells

[12/47] 5a11f879-d1ef-458a-910c-9b0bdfca5ebf
  nan (2022.0) - Science
    Querying Census (server-side filtered)...
    Census returned 12,680 cells (tissue+disease filtered)
  [age filter (HsapDv IDs)]
    Before :   12,680 cells
    After  :   12,680 cells
    Removed:        0 cells  (0.0%)
  SUCCESS: 12,680 normal cells

[13/47] 53d208b0-2cfd-4366-9866-c3c6114081bc
  nan (2022.0) - Science
    Querying Census (server-side filtered)...
    Census returned 40,006 cells (tissue+disease filtered)
  [age filter (HsapDv IDs)]
    Before :   40,006 cells
    After  :   40,006 cells
    Removed:        0 cells  (0.0%)
  SUCCESS: 40,006 normal cells

[14/47] fe7aae33-6f7c-41a5-8d29-9996a9ddf1ab
  Maatz (2025.0) - Nat Cardiovasc Res
    Querying Census (server-side filtered)...
    Census returned 142,891 cells (tissue+disease filtered)
  [age filter (HsapDv IDs)]
    Before :  142,891 cells
    After  :  142,891 cells
    Removed:        0 cells  (0.0%)
  SUCCESS: 142,891 normal cells

[15/47] de916989-3523-4eed-a8e6-6999540f27d4
  Maatz (2025.0) - Nat Cardiovasc Res
    Querying Census (server-side filtered)...
    Census returned 39,968 cells (tissue+disease filtered)
  [age filter (HsapDv IDs)]
    Before :   39,968 cells
    After  :   39,968 cells
    Removed:        0 cells  (0.0%)
  SUCCESS: 39,968 normal cells

[16/47] af33f944-ab2f-4b80-a17e-49c13e03b01d
  Maatz (2025.0) - Nat Cardiovasc Res
    Querying Census (server-side filtered)...
    Census returned 16,662 cells (tissue+disease filtered)
  [age filter (HsapDv IDs)]
    Before :   16,662 cells
    After  :   16,662 cells
    Removed:        0 cells  (0.0%)
  SUCCESS: 16,662 normal cells

[17/47] a49167b8-fe43-4b8f-ac37-d9c2af16f116
  Maatz (2025.0) - Nat Cardiovasc Res
    Querying Census (server-side filtered)...
    Census returned 3,922 cells (tissue+disease filtered)
  [age filter (HsapDv IDs)]
    Before :    3,922 cells
    After  :    3,922 cells
    Removed:        0 cells  (0.0%)
  SUCCESS: 3,922 normal cells

[18/47] 064fa88b-78dc-4edd-b9cd-bcc16964c81e
  Maatz (2025.0) - Nat Cardiovasc Res
    Querying Census (server-side filtered)...
    Census returned 72,612 cells (tissue+disease filtered)
  [age filter (HsapDv IDs)]
    Before :   72,612 cells
    After  :   72,612 cells
    Removed:        0 cells  (0.0%)
  SUCCESS: 72,612 normal cells

[19/47] 02474d5c-7faa-4567-80f8-56abc0a1df62
  Maatz (2025.0) - Nat Cardiovasc Res
    Querying Census (server-side filtered)...
    Census returned 1,023 cells (tissue+disease filtered)
  [age filter (HsapDv IDs)]
    Before :    1,023 cells
    After  :    1,023 cells
    Removed:        0 cells  (0.0%)
  SUCCESS: 1,023 normal cells

[20/47] 2e9d2f32-4cfb-49b5-b990-cbf4c241214e
  Selewa (2023.0) - Nat Commun
    Querying Census (server-side filtered)...
    Census returned 49,359 cells (tissue+disease filtered)
  [age filter (HsapDv IDs)]
    Before :   49,359 cells
    After  :   49,359 cells
    Removed:        0 cells  (0.0%)
  SUCCESS: 49,359 normal cells

[21/47] f7995301-7551-4e1d-8396-ffe3c9497ace
  Reichart (2022.0) - Science
    Querying Census (server-side filtered)...
    Census returned 141,825 cells (tissue+disease filtered)
  [age filter (HsapDv IDs)]
    Before :  141,825 cells
    After  :  141,825 cells
    Removed:        0 cells  (0.0%)
  SUCCESS: 141,825 normal cells

[22/47] ed2b673b-0279-454a-998c-3eec361edf54
  Reichart (2022.0) - Science
    Querying Census (server-side filtered)...
    Census returned 36,939 cells (tissue+disease filtered)
  [age filter (HsapDv IDs)]
    Before :   36,939 cells
    After  :   36,939 cells
    Removed:        0 cells  (0.0%)
  SUCCESS: 36,939 normal cells

[23/47] bdf69f8d-5a96-4d6f-a9f5-9ee0e33597b7
  Reichart (2022.0) - Science
    Querying Census (server-side filtered)...
    Census returned 1,057 cells (tissue+disease filtered)
  [age filter (HsapDv IDs)]
    Before :    1,057 cells
    After  :    1,057 cells
    Removed:        0 cells  (0.0%)
  SUCCESS: 1,057 normal cells

[24/47] 9434b020-de42-43eb-bcc4-542b2be69015
  Reichart (2022.0) - Science
    Querying Census (server-side filtered)...
    Census returned 8,488 cells (tissue+disease filtered)
  [age filter (HsapDv IDs)]
    Before :    8,488 cells
    After  :    8,488 cells
    Removed:        0 cells  (0.0%)
  SUCCESS: 8,488 normal cells

[25/47] 83b5e943-a1d5-4164-b3f2-f7a37f01b524
  Reichart (2022.0) - Science
    Querying Census (server-side filtered)...
    Census returned 1,714 cells (tissue+disease filtered)
  [age filter (HsapDv IDs)]
    Before :    1,714 cells
    After  :    1,714 cells
    Removed:        0 cells  (0.0%)
  SUCCESS: 1,714 normal cells

[26/47] 65badd7a-9262-4fd1-9ce2-eb5dc0ca8039
  Reichart (2022.0) - Science
    Querying Census (server-side filtered)...
    Census returned 282,372 cells (tissue+disease filtered)
  [age filter (HsapDv IDs)]
    Before :  282,372 cells
    After  :  282,372 cells
    Removed:        0 cells  (0.0%)
  SUCCESS: 282,372 normal cells

[27/47] 1252c5fb-945f-42d6-b1a8-8a3bd864384b
  Reichart (2022.0) - Science
    Querying Census (server-side filtered)...
    Census returned 53,391 cells (tissue+disease filtered)
  [age filter (HsapDv IDs)]
    Before :   53,391 cells
    After  :   53,391 cells
    Removed:        0 cells  (0.0%)
  SUCCESS: 53,391 normal cells

[28/47] 1062c0f2-2a44-4cf9-a7c8-b5ed58b4728d
  Reichart (2022.0) - Science
    Querying Census (server-side filtered)...
    Census returned 18,808 cells (tissue+disease filtered)
  [age filter (HsapDv IDs)]
    Before :   18,808 cells
    After  :   18,808 cells
    Removed:        0 cells  (0.0%)
  SUCCESS: 18,808 normal cells

[29/47] 0fdb6122-4600-40f0-a703-2da47cc7080d
  Reichart (2022.0) - Science
    Querying Census (server-side filtered)...
    Census returned 2,832 cells (tissue+disease filtered)
  [age filter (HsapDv IDs)]
    Before :    2,832 cells
    After  :    2,832 cells
    Removed:        0 cells  (0.0%)
  SUCCESS: 2,832 normal cells

[30/47] f75f2ff4-2884-4c2d-b375-70de37a34507
  Litviňuková (2020.0) - Nature
    Querying Census (server-side filtered)...
    Census returned 3,799 cells (tissue+disease filtered)
  [age filter (HsapDv IDs)]
    Before :    3,799 cells
    After  :    3,799 cells
    Removed:        0 cells  (0.0%)
  SUCCESS: 3,799 normal cells

[31/47] ed852810-a003-4386-9846-1638362cee39
  Litviňuková (2020.0) - Nature
    Querying Census (server-side filtered)...
    Census returned 40,868 cells (tissue+disease filtered)
  [age filter (HsapDv IDs)]
    Before :   40,868 cells
    After  :   40,868 cells
    Removed:        0 cells  (0.0%)
  SUCCESS: 40,868 normal cells

[32/47] d4e69e01-3ba2-4d6b-a15d-e7048f78f22e
  Litviňuková (2020.0) - Nature
    Querying Census (server-side filtered)...
    Census returned 486,134 cells (tissue+disease filtered)
  [age filter (HsapDv IDs)]
    Before :  486,134 cells
    After  :  486,134 cells
    Removed:        0 cells  (0.0%)
  SUCCESS: 486,134 normal cells

[33/47] 9d584fcb-a28a-4b91-a886-ceb66a88ef81
  Litviňuková (2020.0) - Nature
    Querying Census (server-side filtered)...
    Census returned 59,341 cells (tissue+disease filtered)
  [age filter (HsapDv IDs)]
    Before :   59,341 cells
    After  :   59,341 cells
    Removed:        0 cells  (0.0%)
  SUCCESS: 59,341 normal cells

[34/47] 84f1a631-910b-4fbb-9f76-d915a07316d2
  Litviňuková (2020.0) - Nature
    Querying Census (server-side filtered)...
    Census returned 23,483 cells (tissue+disease filtered)
  [age filter (HsapDv IDs)]
    Before :   23,483 cells
    After  :   23,483 cells
    Removed:        0 cells  (0.0%)
  SUCCESS: 23,483 normal cells

[35/47] 78fd69d2-75e4-4207-819a-563139f273c6
  Litviňuková (2020.0) - Nature
    Querying Census (server-side filtered)...
    Census returned 125,289 cells (tissue+disease filtered)
  [age filter (HsapDv IDs)]
    Before :  125,289 cells
    After  :  125,289 cells
    Removed:        0 cells  (0.0%)
  SUCCESS: 125,289 normal cells

[36/47] 572f3f3e-d3e4-4d13-8e2b-88215e508481
  Litviňuková (2020.0) - Nature
    Querying Census (server-side filtered)...
    Census returned 195,395 cells (tissue+disease filtered)
  [age filter (HsapDv IDs)]
    Before :  195,395 cells
    After  :  195,395 cells
    Removed:        0 cells  (0.0%)
  SUCCESS: 195,395 normal cells

[37/47] 1009f384-b12d-448e-ba9f-1b7d2ecfbb4e
  Litviňuková (2020.0) - Nature
    Querying Census (server-side filtered)...
    Census returned 3,961 cells (tissue+disease filtered)
  [age filter (HsapDv IDs)]
    Before :    3,961 cells
    After  :    3,961 cells
    Removed:        0 cells  (0.0%)
  SUCCESS: 3,961 normal cells

[38/47] 4ed927e9-c099-49af-b8ce-a2652d069333
  Eraslan (2022.0) - Science
    Querying Census (server-side filtered)...
    Census returned 36,574 cells (tissue+disease filtered)
  [age filter (HsapDv IDs)]
    Before :   36,574 cells
    After  :   36,574 cells
    Removed:        0 cells  (0.0%)
  SUCCESS: 36,574 normal cells

[39/47] 43245158-5ae1-4e71-a9a6-67eef49c26bc
  Zhao (2025.0) - Cell Genomics
    Querying Census (server-side filtered)...
    Census returned 15,842 cells (tissue+disease filtered)
  [age filter (HsapDv IDs)]
    Before :   15,842 cells
    After  :   15,842 cells
    Removed:        0 cells  (0.0%)
  SUCCESS: 15,842 normal cells

[40/47] 99e317c0-1fab-4f73-b511-859e752fd1c3
  Sim (2021.0) - Circulation
    Querying Census (server-side filtered)...
    Census returned 51,176 cells (tissue+disease filtered)
  [age filter (HsapDv IDs)]
    Before :   51,176 cells
    After  :    8,947 cells
    Removed:   42,229 cells  (82.5%)
  SUCCESS: 8,947 normal cells

[41/47] 2adb1f8a-a6b1-4909-8ee8-484814e2d4bf
  Han (2020.0) - Nature
    Querying Census (server-side filtered)...
    Census returned 10,783 cells (tissue+disease filtered)
  [age filter (HsapDv IDs)]
    Before :   10,783 cells
    After  :    2,786 cells
    Removed:    7,997 cells  (74.2%)
  SUCCESS: 2,786 normal cells

[42/47] f1606894-59df-4794-a37f-baa7c6fb6de1
  Linna-Kuosmanen (2024.0) - Cell Reports Medicine
    Querying Census (server-side filtered)...
    Census returned 217,167 cells (tissue+disease filtered)
  [age filter (HsapDv IDs)]
    Before :  217,167 cells
    After  :  217,167 cells
    Removed:        0 cells  (0.0%)
  SUCCESS: 217,167 normal cells

[43/47] 8f4f8502-9170-4ac2-9707-3b6985ebfe5f
  Linna-Kuosmanen (2024.0) - Cell Reports Medicine
    Querying Census (server-side filtered)...
    Census returned 148,479 cells (tissue+disease filtered)
  [age filter (HsapDv IDs)]
    Before :  148,479 cells
    After  :  148,479 cells
    Removed:        0 cells  (0.0%)
  SUCCESS: 148,479 normal cells

[44/47] 87a06a2a-16c6-42f7-af1b-529fad431051
  Hulsmans (2023.0) - Science
    Querying Census (server-side filtered)...
    Census returned 16,245 cells (tissue+disease filtered)
  [age filter (HsapDv IDs)]
    Before :   16,245 cells
    After  :   16,245 cells
    Removed:        0 cells  (0.0%)
  SUCCESS: 16,245 normal cells

[45/47] 5500c673-1610-40a0-86d9-64d987ae50e6
  Knight-Schrijver (2022.0) - Nat Cardiovasc Res
    Querying Census (server-side filtered)...
    Census returned 60,668 cells (tissue+disease filtered)
  [age filter (HsapDv IDs)]
    Before :   60,668 cells
    After  :   29,779 cells
    Removed:   30,889 cells  (50.9%)
  SUCCESS: 29,779 normal cells

[46/47] fa27492b-82ff-4ab7-ac61-0e2b184eee67
  Cao (2020.0) - Science
    Querying Census (server-side filtered)...
    Census returned 25,092 cells (tissue+disease filtered)
  [age filter (HsapDv IDs)]
    Before :   25,092 cells
    After  :        0 cells
    Removed:   25,092 cells  (100.0%)
  SUCCESS: 0 normal cells

[47/47] f7c1c579-2dc0-47e2-ba19-8165c5a0e353
  Cao (2020.0) - Science
    Querying Census (server-side filtered)...
    Census returned 101,749 cells (tissue+disease filtered)
  [age filter (HsapDv IDs)]
    Before :  101,749 cells
    After  :        0 cells
    Removed:  101,749 cells  (100.0%)
  SUCCESS: 0 normal cells

======================================================================
  Resumed (already done) : 0
  Newly processed        : 47
  Failed                 : 0
  Skipped (no ID)        : 0

======================================================================
Finished: 2026-03-02 16:43:45
Output  : data/homo_sapiens_heart_plus_pericardium_with_normal_counts.csv
======================================================================
