======================================================================
CellxGene Harvester - 4 Filter Datasets
======================================================================
Started : 2026-03-01 14:56:57
Log file: data/homo_sapiens_bone_marrow_harvester.log
Command : python /mnt/libraries/envs/cellxgene/bin/cellxgene-harvester filter-datasets data/all_datasets_complete.csv --uberon data/uberon_bone_marrow.json --output data/homo_sapiens_bone_marrow_harvester.csv --disease data/disease_normal.json --organism Homo sapiens --no-preprints --exclude-cancer --exclude-spatial

Input : data/all_datasets_complete.csv
Loaded 2,070 datasets

  Loaded UBERON JSON : data/uberon_bone_marrow.json
  Root terms          : bone marrow
  Total obo_ids       : 6
  [UBERON ontology ID tissue filter]
    Before :    2,070 datasets
    After  :       49 datasets
    Removed:    2,021 datasets  (97.6%)
  Loaded disease JSON : data/disease_normal.json
  Root terms          : normal
  Total obo_ids       : 1
  [disease ontology ID filter (inclusive)]
    Before :       49 datasets
    After  :       44 datasets
    Removed:        5 datasets  (10.2%)
  [organism filter (Homo sapiens)]
    Before :       44 datasets
    After  :       36 datasets
    Removed:        8 datasets  (18.2%)
  [preprint exclusion]
    Before :       36 datasets
    After  :       35 datasets
    Removed:        1 datasets  (2.8%)
  [cancer exclusion]
    Before :       35 datasets
    After  :       35 datasets
    Removed:        0 datasets  (0.0%)
  [spatial exclusion]
    Before :       35 datasets
    After  :       35 datasets
    Removed:        0 datasets  (0.0%)

  [TOTAL]
    Before :    2,070 datasets
    After  :       35 datasets
    Removed:    2,035 datasets  (98.3%)

======================================================================
Finished: 2026-03-01 14:56:57
Output  : data/homo_sapiens_bone_marrow_harvester.csv
======================================================================
