======================================================================
CellxGene Harvester - 4 Filter Datasets
======================================================================
Started : 2026-03-01 14:56:58
Log file: data/homo_sapiens_digestive_tract_harvester.log
Command : python /mnt/libraries/envs/cellxgene/bin/cellxgene-harvester filter-datasets data/all_datasets_complete.csv --uberon data/uberon_digestive_tract.json --output data/homo_sapiens_digestive_tract_harvester.csv --disease data/disease_normal.json --organism Homo sapiens --no-preprints --exclude-cancer --exclude-spatial

Input : data/all_datasets_complete.csv
Loaded 2,070 datasets

  Loaded UBERON JSON : data/uberon_digestive_tract.json
  Root terms          : digestive tract
  Total obo_ids       : 1,296
  [UBERON ontology ID tissue filter]
    Before :    2,070 datasets
    After  :      240 datasets
    Removed:    1,830 datasets  (88.4%)
  Loaded disease JSON : data/disease_normal.json
  Root terms          : normal
  Total obo_ids       : 1
  [disease ontology ID filter (inclusive)]
    Before :      240 datasets
    After  :      200 datasets
    Removed:       40 datasets  (16.7%)
  [organism filter (Homo sapiens)]
    Before :      200 datasets
    After  :      165 datasets
    Removed:       35 datasets  (17.5%)
  [preprint exclusion]
    Before :      165 datasets
    After  :      138 datasets
    Removed:       27 datasets  (16.4%)
  [cancer exclusion]
    Before :      138 datasets
    After  :      110 datasets
    Removed:       28 datasets  (20.3%)
  [spatial exclusion]
    Before :      110 datasets
    After  :      110 datasets
    Removed:        0 datasets  (0.0%)

  [TOTAL]
    Before :    2,070 datasets
    After  :      110 datasets
    Removed:    1,960 datasets  (94.7%)

======================================================================
Finished: 2026-03-01 14:56:58
Output  : data/homo_sapiens_digestive_tract_harvester.csv
======================================================================
