======================================================================
CellxGene Harvester - 5 Count Normal Cells
======================================================================
Started : 2026-03-01 22:03:37
Log file: data/homo_sapiens_digestive_tract_harvester_with_normal_counts.log
Command : python /mnt/libraries/envs/cellxgene/bin/cellxgene-harvester count-normal-cells data/homo_sapiens_digestive_tract_harvester.csv --uberon data/uberon_digestive_tract.json --disease data/disease_normal.json --hsapdv data/hsapdv_adult_15.json

UBERON file  : data/uberon_digestive_tract.json
Disease file : data/disease_normal.json
HsapDv file  : data/hsapdv_adult_15.json
Output       : data/homo_sapiens_digestive_tract_harvester_with_normal_counts.csv

  Loaded UBERON JSON : data/uberon_digestive_tract.json
  Root terms          : digestive tract
  Total obo_ids       : 1,296
  Loaded disease JSON : data/disease_normal.json
  Root terms          : normal
  Total obo_ids       : 1
  Loaded HsapDv JSON : data/hsapdv_adult_15.json
  Root terms          : 15-year-old stage, prime adult stage, adult stage, young adult stage, 15-19 year-old
  Total obo_ids       : 119

Starting fresh: data/homo_sapiens_digestive_tract_harvester.csv (110 datasets)
Already processed: 0 / 110

Opening Census connection (once for all datasets)...
Census connection open


[1/110] 3f32121d-126b-4e8d-9f69-d86502d2a1b1
  Egozi (2021.0) - Nat Med
    Querying Census (server-side filtered)...
    Census returned 36,359 cells (tissue+disease filtered)
  [age filter (HsapDv IDs)]
    Before :   36,359 cells
    After  :        0 cells
    Removed:   36,359 cells  (100.0%)
  SUCCESS: 0 normal cells

[2/110] e40c6272-af77-4a10-9385-62a398884f27
  Chen (2021.0) - Cell
    Querying Census (server-side filtered)...
    Census returned 30,340 cells (tissue+disease filtered)
  [age filter (HsapDv IDs)]
    Before :   30,340 cells
    After  :   30,340 cells
    Removed:        0 cells  (0.0%)
  SUCCESS: 30,340 normal cells

[3/110] f7ca7eb9-0919-4eba-99a1-21ba382b4174
  Moerkens (2024.0) - Cell Reports
    Querying Census (server-side filtered)...
    Census returned 11,103 cells (tissue+disease filtered)
  [age filter (HsapDv IDs)]
    Before :   11,103 cells
    After  :   11,103 cells
    Removed:        0 cells  (0.0%)
  SUCCESS: 11,103 normal cells

[4/110] 51d9716c-50bb-4fd8-8d1e-7d9329969cb7
  Moerkens (2024.0) - Cell Reports
    Querying Census (server-side filtered)...
    Census returned 11,177 cells (tissue+disease filtered)
  [age filter (HsapDv IDs)]
    Before :   11,177 cells
    After  :   11,177 cells
    Removed:        0 cells  (0.0%)
  SUCCESS: 11,177 normal cells

[5/110] ee195b7d-184d-4dfa-9b1c-51a7e601ac11
  Yu (2021.0) - Cell
    Querying Census (server-side filtered)...
    Census returned 5,200 cells (tissue+disease filtered)
  [age filter (HsapDv IDs)]
    Before :    5,200 cells
    After  :    5,200 cells
    Removed:        0 cells  (0.0%)
  SUCCESS: 5,200 normal cells

[6/110] 9968be68-ab65-4a38-9e1a-c9b6abece194
  Yu (2021.0) - Cell
    Querying Census (server-side filtered)...
    Census returned 96,020 cells (tissue+disease filtered)
  [age filter (HsapDv IDs)]
    Before :   96,020 cells
    After  :        0 cells
    Removed:   96,020 cells  (100.0%)
  SUCCESS: 0 normal cells

[7/110] 5f4556b6-017e-49b3-b31c-c6e8e226c9fb
  Gray (2024.0) - Sci. Immunol.
    Querying Census (server-side filtered)...
    Census returned 2,172 cells (tissue+disease filtered)
  [age filter (HsapDv IDs)]
    Before :    2,172 cells
    After  :    2,172 cells
    Removed:        0 cells  (0.0%)
  SUCCESS: 2,172 normal cells

[8/110] f54647ec-0c03-4775-8dac-5a477c10a3f5
  King (2021.0) - Sci. Immunol.
    Querying Census (server-side filtered)...
    Census returned 8,753 cells (tissue+disease filtered)
  [age filter (HsapDv IDs)]
    Before :    8,753 cells
    After  :        0 cells
    Removed:    8,753 cells  (100.0%)
  SUCCESS: 0 normal cells

[9/110] 7970bd6b-f752-47a9-8643-2af16855ec49
  King (2021.0) - Sci. Immunol.
    Querying Census (server-side filtered)...
    Census returned 21,595 cells (tissue+disease filtered)
  [age filter (HsapDv IDs)]
    Before :   21,595 cells
    After  :        0 cells
    Removed:   21,595 cells  (100.0%)
  SUCCESS: 0 normal cells

[10/110] 482954b2-0456-4901-b379-b62f99c0ab2d
  King (2021.0) - Sci. Immunol.
    Querying Census (server-side filtered)...
    Census returned 25,728 cells (tissue+disease filtered)
  [age filter (HsapDv IDs)]
    Before :   25,728 cells
    After  :        0 cells
    Removed:   25,728 cells  (100.0%)
  SUCCESS: 0 normal cells

[11/110] 44882825-0da1-4547-b721-2c6105d4a9d1
  King (2021.0) - Sci. Immunol.
    Querying Census (server-side filtered)...
    Census returned 32,607 cells (tissue+disease filtered)
  [age filter (HsapDv IDs)]
    Before :   32,607 cells
    After  :        0 cells
    Removed:   32,607 cells  (100.0%)
  SUCCESS: 0 normal cells

[12/110] 00ff600e-6e2e-4d76-846f-0eec4f0ae417
  King (2021.0) - Sci. Immunol.
    Querying Census (server-side filtered)...
    Census returned 363 cells (tissue+disease filtered)
  [age filter (HsapDv IDs)]
    Before :      363 cells
    After  :        0 cells
    Removed:      363 cells  (100.0%)
  SUCCESS: 0 normal cells

[13/110] b6ee0939-b5b9-4e03-9d69-96fb6bf5d434
  Zwick (2024.0) - Nat Cell Biol
    Querying Census (server-side filtered)...
    Census returned 19,200 cells (tissue+disease filtered)
  [age filter (HsapDv IDs)]
    Before :   19,200 cells
    After  :   19,200 cells
    Removed:        0 cells  (0.0%)
  SUCCESS: 19,200 normal cells

[14/110] 944dedde-03e5-456d-996d-7250f7247b85
  Karakasheva (2026.0) - Cellular and Molecular Gastroenterology and Hepatology
    Querying Census (server-side filtered)...
    Census returned 0 cells after server-side filters
  SUCCESS: 0 normal cells

[15/110] 5d4415d1-cfcd-4b43-b2b2-138b5afd68af
  Karakasheva (2026.0) - Cellular and Molecular Gastroenterology and Hepatology
    Querying Census (server-side filtered)...
    Census returned 0 cells after server-side filters
  SUCCESS: 0 normal cells

[16/110] fd89be61-2869-4342-a86e-e1fce3a8f269
  Fawkner-Corbett (2021.0) - Cell
    Querying Census (server-side filtered)...
    Census returned 17,622 cells (tissue+disease filtered)
  [age filter (HsapDv IDs)]
    Before :   17,622 cells
    After  :        0 cells
    Removed:   17,622 cells  (100.0%)
  SUCCESS: 0 normal cells

[17/110] e006d4e3-35fa-44b4-9981-09a66c4322e5
  Fawkner-Corbett (2021.0) - Cell
    Querying Census (server-side filtered)...
    Census returned 4,211 cells (tissue+disease filtered)
  [age filter (HsapDv IDs)]
    Before :    4,211 cells
    After  :        0 cells
    Removed:    4,211 cells  (100.0%)
  SUCCESS: 0 normal cells

[18/110] c42c8ad3-9761-49e5-b9bf-ee8ebd50416f
  Fawkner-Corbett (2021.0) - Cell
    Querying Census (server-side filtered)...
    Census returned 4,154 cells (tissue+disease filtered)
  [age filter (HsapDv IDs)]
    Before :    4,154 cells
    After  :        0 cells
    Removed:    4,154 cells  (100.0%)
  SUCCESS: 0 normal cells

[19/110] bbd16004-09e8-4b6c-b465-73ff83a52837
  Fawkner-Corbett (2021.0) - Cell
    Querying Census (server-side filtered)...
    Census returned 4,144 cells (tissue+disease filtered)
  [age filter (HsapDv IDs)]
    Before :    4,144 cells
    After  :        0 cells
    Removed:    4,144 cells  (100.0%)
  SUCCESS: 0 normal cells

[20/110] b9b4cf27-9c22-410d-8bd8-5d43e379485b
  Fawkner-Corbett (2021.0) - Cell
    Querying Census (server-side filtered)...
    Census returned 0 cells after server-side filters
  SUCCESS: 0 normal cells

[21/110] abd889c6-f60a-4fbd-924e-ee1e9dcf909b
  Fawkner-Corbett (2021.0) - Cell
    Querying Census (server-side filtered)...
    Census returned 0 cells after server-side filters
  SUCCESS: 0 normal cells

[22/110] aa0b5adb-957d-4f15-ab83-2c5cc2843f77
  Fawkner-Corbett (2021.0) - Cell
    Querying Census (server-side filtered)...
    Census returned 0 cells after server-side filters
  SUCCESS: 0 normal cells

[23/110] 9dfd2243-74d6-4924-86bd-c206ca9287b1
  Fawkner-Corbett (2021.0) - Cell
    Querying Census (server-side filtered)...
    Census returned 0 cells after server-side filters
  SUCCESS: 0 normal cells

[24/110] 9d5df009-eb76-43a3-b6cd-22017cc53700
  Fawkner-Corbett (2021.0) - Cell
    Querying Census (server-side filtered)...
    Census returned 76,592 cells (tissue+disease filtered)
  [age filter (HsapDv IDs)]
    Before :   76,592 cells
    After  :        0 cells
    Removed:   76,592 cells  (100.0%)
  SUCCESS: 0 normal cells

[25/110] 774de9c6-9752-4e39-89a9-2a88c869d52a
  Fawkner-Corbett (2021.0) - Cell
    Querying Census (server-side filtered)...
    Census returned 0 cells after server-side filters
  SUCCESS: 0 normal cells

[26/110] 58679288-9ecc-4647-9781-12a3a8f8c6fd
  Fawkner-Corbett (2021.0) - Cell
    Querying Census (server-side filtered)...
    Census returned 2,833 cells (tissue+disease filtered)
  [age filter (HsapDv IDs)]
    Before :    2,833 cells
    After  :        0 cells
    Removed:    2,833 cells  (100.0%)
  SUCCESS: 0 normal cells

[27/110] 4d2e0563-cf4a-48bd-aa7f-efc26025b53a
  Fawkner-Corbett (2021.0) - Cell
    Querying Census (server-side filtered)...
    Census returned 24,081 cells (tissue+disease filtered)
  [age filter (HsapDv IDs)]
    Before :   24,081 cells
    After  :        0 cells
    Removed:   24,081 cells  (100.0%)
  SUCCESS: 0 normal cells

[28/110] 4506d9e3-4543-4464-aeae-b0b04eee1cea
  Fawkner-Corbett (2021.0) - Cell
    Querying Census (server-side filtered)...
    Census returned 0 cells after server-side filters
  SUCCESS: 0 normal cells

[29/110] 4269074c-f2c1-4d88-b2c3-0946f59d5449
  Fawkner-Corbett (2021.0) - Cell
    Querying Census (server-side filtered)...
    Census returned 2,199 cells (tissue+disease filtered)
  [age filter (HsapDv IDs)]
    Before :    2,199 cells
    After  :        0 cells
    Removed:    2,199 cells  (100.0%)
  SUCCESS: 0 normal cells

[30/110] 2d66790a-6621-4a49-8f0d-4002db5cc98d
  Fawkner-Corbett (2021.0) - Cell
    Querying Census (server-side filtered)...
    Census returned 0 cells after server-side filters
  SUCCESS: 0 normal cells

[31/110] 08e94873-c2a6-4f7d-ab72-aeaff3e3f929
  Fawkner-Corbett (2021.0) - Cell
    Querying Census (server-side filtered)...
    Census returned 0 cells after server-side filters
  SUCCESS: 0 normal cells

[32/110] 04b0eb97-d816-44bb-93a5-8b2968791aa0
  Fawkner-Corbett (2021.0) - Cell
    Querying Census (server-side filtered)...
    Census returned 4,163 cells (tissue+disease filtered)
  [age filter (HsapDv IDs)]
    Before :    4,163 cells
    After  :        0 cells
    Removed:    4,163 cells  (100.0%)
  SUCCESS: 0 normal cells

[33/110] 80a2c5b6-02e7-4fc0-9f12-179f5247c1bc
  Elmentaite (2021.0) - Nature
    Querying Census (server-side filtered)...
    Census returned 381,967 cells (tissue+disease filtered)
  [age filter (HsapDv IDs)]
    Before :  381,967 cells
    After  :  113,203 cells
    Removed:  268,764 cells  (70.4%)
  SUCCESS: 113,203 normal cells

[34/110] cbec7853-d996-4493-bbf8-5d82857a4e51
  Xu (2023.0) - Cell
    Querying Census (server-side filtered)...
    Census returned 263,275 cells (tissue+disease filtered)
  [age filter (HsapDv IDs)]
    Before :  263,275 cells
    After  :  263,275 cells
    Removed:        0 cells  (0.0%)
  SUCCESS: 263,275 normal cells

[35/110] 13b61a7d-5605-4948-ba48-02c588960143
  Ziegler (2021.0) - Cell
    Querying Census (server-side filtered)...
    Census returned 8,874 cells (tissue+disease filtered)
  [age filter (HsapDv IDs)]
    Before :    8,874 cells
    After  :    8,874 cells
    Removed:        0 cells  (0.0%)
  SUCCESS: 8,874 normal cells

[36/110] fd072bc3-2dfb-46f8-b4e3-467cb3223182
  Suo (2022.0) - Science
    Querying Census (server-side filtered)...
    Census returned 82,073 cells (tissue+disease filtered)
  [age filter (HsapDv IDs)]
    Before :   82,073 cells
    After  :        0 cells
    Removed:   82,073 cells  (100.0%)
  SUCCESS: 0 normal cells

[37/110] d0c12af4-c0e4-4c7b-873a-70752b449689
  Suo (2022.0) - Science
    Querying Census (server-side filtered)...
    Census returned 74,097 cells (tissue+disease filtered)
  [age filter (HsapDv IDs)]
    Before :   74,097 cells
    After  :        0 cells
    Removed:   74,097 cells  (100.0%)
  SUCCESS: 0 normal cells

[38/110] aa633105-e8e5-4dcc-b72d-6da6c191b3e9
  Suo (2022.0) - Science
    Querying Census (server-side filtered)...
    Census returned 2,557 cells (tissue+disease filtered)
  [age filter (HsapDv IDs)]
    Before :    2,557 cells
    After  :        0 cells
    Removed:    2,557 cells  (100.0%)
  SUCCESS: 0 normal cells

[39/110] 804d9a85-665b-45c6-b204-13457fdcc7ac
  Suo (2022.0) - Science
    Querying Census (server-side filtered)...
    Census returned 761 cells (tissue+disease filtered)
  [age filter (HsapDv IDs)]
    Before :      761 cells
    After  :        0 cells
    Removed:      761 cells  (100.0%)
  SUCCESS: 0 normal cells

[40/110] 6a30bf44-c490-41ac-965b-0bb58432b10a
  Suo (2022.0) - Science
    Querying Census (server-side filtered)...
    Census returned 56 cells (tissue+disease filtered)
  [age filter (HsapDv IDs)]
    Before :       56 cells
    After  :        0 cells
    Removed:       56 cells  (100.0%)
  SUCCESS: 0 normal cells

[41/110] 48101fa2-1a63-4514-b892-53ea1d3a8657
  Suo (2022.0) - Science
    Querying Census (server-side filtered)...
    Census returned 7,976 cells (tissue+disease filtered)
  [age filter (HsapDv IDs)]
    Before :    7,976 cells
    After  :        0 cells
    Removed:    7,976 cells  (100.0%)
  SUCCESS: 0 normal cells

[42/110] 3affa268-8a74-460a-ac9b-a984c0832469
  Suo (2022.0) - Science
    Querying Census (server-side filtered)...
    Census returned 3,265 cells (tissue+disease filtered)
  [age filter (HsapDv IDs)]
    Before :    3,265 cells
    After  :        0 cells
    Removed:    3,265 cells  (100.0%)
  SUCCESS: 0 normal cells

[43/110] 2aa1c93c-4ef3-4e9a-98e7-0bd37933953c
  Suo (2022.0) - Science
    Querying Census (server-side filtered)...
    Census returned 3,953 cells (tissue+disease filtered)
  [age filter (HsapDv IDs)]
    Before :    3,953 cells
    After  :        0 cells
    Removed:    3,953 cells  (100.0%)
  SUCCESS: 0 normal cells

[44/110] e3da8320-0b3c-4bae-ad55-a89eb59ca870
  Wells (2025.0) - Nat Immunol
    Querying Census (server-side filtered)...
    Census returned 12,777 cells (tissue+disease filtered)
  [age filter (HsapDv IDs)]
    Before :   12,777 cells
    After  :   12,777 cells
    Removed:        0 cells  (0.0%)
  SUCCESS: 12,777 normal cells

[45/110] 960ecd06-e7c2-463d-9a5b-6832994376c6
  Wells (2025.0) - Nat Immunol
    Querying Census (server-side filtered)...
    Census returned 153,214 cells (tissue+disease filtered)
  [age filter (HsapDv IDs)]
    Before :  153,214 cells
    After  :  153,214 cells
    Removed:        0 cells  (0.0%)
  SUCCESS: 153,214 normal cells

[46/110] 3f766409-fcd6-4553-99e8-259bc24a6be6
  Wells (2025.0) - Nat Immunol
    Querying Census (server-side filtered)...
    Census returned 11,054 cells (tissue+disease filtered)
  [age filter (HsapDv IDs)]
    Before :   11,054 cells
    After  :   11,054 cells
    Removed:        0 cells  (0.0%)
  SUCCESS: 11,054 normal cells

[47/110] 1b350d0a-4535-4879-beb6-1142f3f94947
  Wells (2025.0) - Nat Immunol
    Querying Census (server-side filtered)...
    Census returned 199,602 cells (tissue+disease filtered)
  [age filter (HsapDv IDs)]
    Before :  199,602 cells
    After  :  199,602 cells
    Removed:        0 cells  (0.0%)
  SUCCESS: 199,602 normal cells

[48/110] 11ae668a-88c2-4d86-ba08-524fe576a882
  Wells (2025.0) - Nat Immunol
    Querying Census (server-side filtered)...
    Census returned 4,698 cells (tissue+disease filtered)
  [age filter (HsapDv IDs)]
    Before :    4,698 cells
    After  :    4,698 cells
    Removed:        0 cells  (0.0%)
  SUCCESS: 4,698 normal cells

[49/110] 2872f4b0-b171-46e2-abc6-befcf6de6306
  James (2020.0) - Nat Immunol
    Querying Census (server-side filtered)...
    Census returned 27,692 cells (tissue+disease filtered)
  [age filter (HsapDv IDs)]
    Before :   27,692 cells
    After  :   27,692 cells
    Removed:        0 cells  (0.0%)
  SUCCESS: 27,692 normal cells

[50/110] f01bdd17-4902-40f5-86e3-240d66dd2587
  nan (2022.0) - Science
    Querying Census (server-side filtered)...
    Census returned 39,821 cells (tissue+disease filtered)
  [age filter (HsapDv IDs)]
    Before :   39,821 cells
    After  :   39,821 cells
    Removed:        0 cells  (0.0%)
  SUCCESS: 39,821 normal cells

[51/110] c5d88abe-f23a-45fa-a534-788985e93dad
  nan (2022.0) - Science
    Querying Census (server-side filtered)...
    Census returned 73,936 cells (tissue+disease filtered)
  [age filter (HsapDv IDs)]
    Before :   73,936 cells
    After  :   73,936 cells
    Removed:        0 cells  (0.0%)
  SUCCESS: 73,936 normal cells

[52/110] a68b64d8-aee3-4947-81b7-36b8fe5a44d2
  nan (2022.0) - Science
    Querying Census (server-side filtered)...
    Census returned 17,607 cells (tissue+disease filtered)
  [age filter (HsapDv IDs)]
    Before :   17,607 cells
    After  :   17,607 cells
    Removed:        0 cells  (0.0%)
  SUCCESS: 17,607 normal cells

[53/110] a357414d-2042-4eb5-95f0-c58604a18bdd
  nan (2022.0) - Science
    Querying Census (server-side filtered)...
    Census returned 42,036 cells (tissue+disease filtered)
  [age filter (HsapDv IDs)]
    Before :   42,036 cells
    After  :   42,036 cells
    Removed:        0 cells  (0.0%)
  SUCCESS: 42,036 normal cells

[54/110] 9ba03780-4b13-44bc-a7d3-ce532ea0a856
  nan (2022.0) - Science
    Querying Census (server-side filtered)...
    Census returned 33,064 cells (tissue+disease filtered)
  [age filter (HsapDv IDs)]
    Before :   33,064 cells
    After  :   33,064 cells
    Removed:        0 cells  (0.0%)
  SUCCESS: 33,064 normal cells

[55/110] 97a17473-e2b1-4f31-a544-44a60773e2dd
  nan (2022.0) - Science
    Querying Census (server-side filtered)...
    Census returned 86,664 cells (tissue+disease filtered)
  [age filter (HsapDv IDs)]
    Before :   86,664 cells
    After  :   86,664 cells
    Removed:        0 cells  (0.0%)
  SUCCESS: 86,664 normal cells

[56/110] 7357cee7-9f7f-4ab0-8cec-90de8f047e38
  nan (2022.0) - Science
    Querying Census (server-side filtered)...
    Census returned 30,084 cells (tissue+disease filtered)
  [age filter (HsapDv IDs)]
    Before :   30,084 cells
    After  :   30,084 cells
    Removed:        0 cells  (0.0%)
  SUCCESS: 30,084 normal cells

[57/110] 6e4acdae-59ef-452b-a6d4-260cba368586
  nan (2022.0) - Science
    Querying Census (server-side filtered)...
    Census returned 989 cells (tissue+disease filtered)
  [age filter (HsapDv IDs)]
    Before :      989 cells
    After  :      989 cells
    Removed:        0 cells  (0.0%)
  SUCCESS: 989 normal cells

[58/110] 5a11f879-d1ef-458a-910c-9b0bdfca5ebf
  nan (2022.0) - Science
    Querying Census (server-side filtered)...
    Census returned 4,857 cells (tissue+disease filtered)
  [age filter (HsapDv IDs)]
    Before :    4,857 cells
    After  :    4,857 cells
    Removed:        0 cells  (0.0%)
  SUCCESS: 4,857 normal cells

[59/110] 55cf0ea3-9d2b-4294-871e-bb4b49a79fc7
  nan (2022.0) - Science
    Querying Census (server-side filtered)...
    Census returned 38,754 cells (tissue+disease filtered)
  [age filter (HsapDv IDs)]
    Before :   38,754 cells
    After  :   38,754 cells
    Removed:        0 cells  (0.0%)
  SUCCESS: 38,754 normal cells

[60/110] 53d208b0-2cfd-4366-9866-c3c6114081bc
  nan (2022.0) - Science
    Querying Census (server-side filtered)...
    Census returned 184,061 cells (tissue+disease filtered)
  [age filter (HsapDv IDs)]
    Before :  184,061 cells
    After  :  184,061 cells
    Removed:        0 cells  (0.0%)
  SUCCESS: 184,061 normal cells

[61/110] 0041b9c3-6a49-4bf7-8514-9bc7190067a7
  nan (2022.0) - Science
    Querying Census (server-side filtered)...
    Census returned 302 cells (tissue+disease filtered)
  [age filter (HsapDv IDs)]
    Before :      302 cells
    After  :      302 cells
    Removed:        0 cells  (0.0%)
  SUCCESS: 302 normal cells

[62/110] 9fcb0b73-c734-40a5-be9c-ace7eea401c9
  Easter (2024.0) - Nat Commun
    Querying Census (server-side filtered)...
    Census returned 60,811 cells (tissue+disease filtered)
  [age filter (HsapDv IDs)]
    Before :   60,811 cells
    After  :   60,811 cells
    Removed:        0 cells  (0.0%)
  SUCCESS: 60,811 normal cells

[63/110] faed4f71-6b50-4fc7-bd1c-8f385dccfdce
  Nowicki-Osuch (2023.0) - Cancer Discovery
    Querying Census (server-side filtered)...
    Census returned 2,228 cells (tissue+disease filtered)
  [age filter (HsapDv IDs)]
    Before :    2,228 cells
    After  :    1,776 cells
    Removed:      452 cells  (20.3%)
  SUCCESS: 1,776 normal cells

[64/110] e5233a94-9e43-418c-8209-6f1400c31530
  Nowicki-Osuch (2023.0) - Cancer Discovery
    Querying Census (server-side filtered)...
    Census returned 68,759 cells (tissue+disease filtered)
  [age filter (HsapDv IDs)]
    Before :   68,759 cells
    After  :   54,844 cells
    Removed:   13,915 cells  (20.2%)
  SUCCESS: 54,844 normal cells

[65/110] 9b188f26-c8e1-4a78-af15-622a35a371fc
  Nowicki-Osuch (2023.0) - Cancer Discovery
    Querying Census (server-side filtered)...
    Census returned 3,665 cells (tissue+disease filtered)
  [age filter (HsapDv IDs)]
    Before :    3,665 cells
    After  :    2,352 cells
    Removed:    1,313 cells  (35.8%)
  SUCCESS: 2,352 normal cells

[66/110] 94423ec1-21f8-40e8-b5c9-c3ea82350ca4
  Nowicki-Osuch (2023.0) - Cancer Discovery
    Querying Census (server-side filtered)...
    Census returned 1,440 cells (tissue+disease filtered)
  [age filter (HsapDv IDs)]
    Before :    1,440 cells
    After  :    1,053 cells
    Removed:      387 cells  (26.9%)
  SUCCESS: 1,053 normal cells

[67/110] 773b9b2e-70c8-40be-8cbb-e7b5abab360d
  Nowicki-Osuch (2023.0) - Cancer Discovery
    Querying Census (server-side filtered)...
    Census returned 28,782 cells (tissue+disease filtered)
  [age filter (HsapDv IDs)]
    Before :   28,782 cells
    After  :   26,146 cells
    Removed:    2,636 cells  (9.2%)
  SUCCESS: 26,146 normal cells

[68/110] 63bb6359-3945-4658-92eb-3072419953e4
  Nowicki-Osuch (2023.0) - Cancer Discovery
    Querying Census (server-side filtered)...
    Census returned 9,744 cells (tissue+disease filtered)
  [age filter (HsapDv IDs)]
    Before :    9,744 cells
    After  :    3,117 cells
    Removed:    6,627 cells  (68.0%)
  SUCCESS: 3,117 normal cells

[69/110] 03d5794d-cde9-4769-a1a9-b3899d2b1d87
  Nowicki-Osuch (2023.0) - Cancer Discovery
    Querying Census (server-side filtered)...
    Census returned 4,429 cells (tissue+disease filtered)
  [age filter (HsapDv IDs)]
    Before :    4,429 cells
    After  :    2,040 cells
    Removed:    2,389 cells  (53.9%)
  SUCCESS: 2,040 normal cells

[70/110] fe52003e-1460-4a65-a213-2bb1a508332f
  Domínguez Conde (2022.0) - Science
    Querying Census (server-side filtered)...
    Census returned 398 cells (tissue+disease filtered)
  [age filter (HsapDv IDs)]
    Before :      398 cells
    After  :      398 cells
    Removed:        0 cells  (0.0%)
  SUCCESS: 398 normal cells

[71/110] ae29ebd0-1973-40a4-a6af-d15a5f77a80f
  Domínguez Conde (2022.0) - Science
    Querying Census (server-side filtered)...
    Census returned 28,214 cells (tissue+disease filtered)
  [age filter (HsapDv IDs)]
    Before :   28,214 cells
    After  :   28,214 cells
    Removed:        0 cells  (0.0%)
  SUCCESS: 28,214 normal cells

[72/110] 71be997d-ff75-41b9-8a9f-1288c865f921
  Domínguez Conde (2022.0) - Science
    Querying Census (server-side filtered)...
    Census returned 853 cells (tissue+disease filtered)
  [age filter (HsapDv IDs)]
    Before :      853 cells
    After  :      853 cells
    Removed:        0 cells  (0.0%)
  SUCCESS: 853 normal cells

[73/110] 1b9d8702-5af8-4142-85ed-020eb06ec4f6
  Domínguez Conde (2022.0) - Science
    Querying Census (server-side filtered)...
    Census returned 29,569 cells (tissue+disease filtered)
  [age filter (HsapDv IDs)]
    Before :   29,569 cells
    After  :   29,569 cells
    Removed:        0 cells  (0.0%)
  SUCCESS: 29,569 normal cells

[74/110] 9bfecd44-e6b5-4072-9b64-cb7f0a117f88
  Garrido-Trigo (2023.0) - Nat Commun
    Querying Census (server-side filtered)...
    Census returned 15,170 cells (tissue+disease filtered)
  [age filter (HsapDv IDs)]
    Before :   15,170 cells
    After  :   15,170 cells
    Removed:        0 cells  (0.0%)
  SUCCESS: 15,170 normal cells

[75/110] 776a1e4a-f141-49bb-9978-d0588a4cee9f
  Xu (2025.0) - Nat Genet
    Querying Census (server-side filtered)...
    Census returned 353,140 cells (tissue+disease filtered)
  [age filter (HsapDv IDs)]
    Before :  353,140 cells
    After  :        0 cells
    Removed:  353,140 cells  (100.0%)
  SUCCESS: 0 normal cells

[76/110] 6725ee8e-ef5b-4e68-8901-61bd14a1fe73
  Xu (2025.0) - Nat Genet
    Querying Census (server-side filtered)...
    Census returned 386,067 cells (tissue+disease filtered)
  [age filter (HsapDv IDs)]
    Before :  386,067 cells
    After  :        0 cells
    Removed:  386,067 cells  (100.0%)
  SUCCESS: 0 normal cells

[77/110] 569bce19-14c3-436f-bebf-543e5ea025dc
  Xu (2025.0) - Nat Genet
    Querying Census (server-side filtered)...
    Census returned 3,576 cells (tissue+disease filtered)
  [age filter (HsapDv IDs)]
    Before :    3,576 cells
    After  :        0 cells
    Removed:    3,576 cells  (100.0%)
  SUCCESS: 0 normal cells

[78/110] 4dd00779-7f73-4f50-89bb-e2d3c6b71b18
  Smillie (2019.0) - Cell
    Querying Census (server-side filtered)...
    Census returned 34,772 cells (tissue+disease filtered)
  [age filter (HsapDv IDs)]
    Before :   34,772 cells
    After  :   34,772 cells
    Removed:        0 cells  (0.0%)
  SUCCESS: 34,772 normal cells

[79/110] 16101789-b95d-4b05-bd76-75ae837a557b
  Liu (2022.0) - Immunity
    Querying Census (server-side filtered)...
    Census returned 0 cells after server-side filters
  SUCCESS: 0 normal cells

[80/110] fe4b89d5-461e-440c-a5a8-621b37b122c0
  Kong (2023.0) - Immunity
    Querying Census (server-side filtered)...
    Census returned 131,170 cells (tissue+disease filtered)
  [age filter (HsapDv IDs)]
    Before :  131,170 cells
    After  :  131,170 cells
    Removed:        0 cells  (0.0%)
  SUCCESS: 131,170 normal cells

[81/110] a37f857c-779f-464e-9310-3db43a1811e7
  Kong (2023.0) - Immunity
    Querying Census (server-side filtered)...
    Census returned 162,949 cells (tissue+disease filtered)
  [age filter (HsapDv IDs)]
    Before :  162,949 cells
    After  :  162,949 cells
    Removed:        0 cells  (0.0%)
  SUCCESS: 162,949 normal cells

[82/110] 6cf3634d-e911-44ad-bf52-c747a9af3c01
  Kong (2023.0) - Immunity
    Querying Census (server-side filtered)...
    Census returned 36,536 cells (tissue+disease filtered)
  [age filter (HsapDv IDs)]
    Before :   36,536 cells
    After  :   36,536 cells
    Removed:        0 cells  (0.0%)
  SUCCESS: 36,536 normal cells

[83/110] 5ce42b38-d867-487f-9b40-e8bb00b21d0b
  Kong (2023.0) - Immunity
    Querying Census (server-side filtered)...
    Census returned 87,614 cells (tissue+disease filtered)
  [age filter (HsapDv IDs)]
    Before :   87,614 cells
    After  :   87,614 cells
    Removed:        0 cells  (0.0%)
  SUCCESS: 87,614 normal cells

[84/110] 518d9049-2a76-44f8-8abc-1e2b59ab5ba1
  Kong (2023.0) - Immunity
    Querying Census (server-side filtered)...
    Census returned 131,691 cells (tissue+disease filtered)
  [age filter (HsapDv IDs)]
    Before :  131,691 cells
    After  :  131,691 cells
    Removed:        0 cells  (0.0%)
  SUCCESS: 131,691 normal cells

[85/110] 0f4865d5-8000-4f68-8ac7-f5efea9e5e70
  Kong (2023.0) - Immunity
    Querying Census (server-side filtered)...
    Census returned 50,554 cells (tissue+disease filtered)
  [age filter (HsapDv IDs)]
    Before :   50,554 cells
    After  :   50,554 cells
    Removed:        0 cells  (0.0%)
  SUCCESS: 50,554 normal cells

[86/110] 4a90bbba-df97-4a28-83ae-7386fe7d9167
  Horeth (2023.0) - J Dent Res
    Querying Census (server-side filtered)...
    Census returned 15,684 cells (tissue+disease filtered)
  [age filter (HsapDv IDs)]
    Before :   15,684 cells
    After  :   15,684 cells
    Removed:        0 cells  (0.0%)
  SUCCESS: 15,684 normal cells

[87/110] 4ed927e9-c099-49af-b8ce-a2652d069333
  Eraslan (2022.0) - Science
    Querying Census (server-side filtered)...
    Census returned 34,173 cells (tissue+disease filtered)
  [age filter (HsapDv IDs)]
    Before :   34,173 cells
    After  :   34,173 cells
    Removed:        0 cells  (0.0%)
  SUCCESS: 34,173 normal cells

[88/110] b07fb54c-d7ad-4995-8bb0-8f3d8611cabe
  Madissoon (2020.0) - Genome Biol
    Querying Census (server-side filtered)...
    Census returned 87,947 cells (tissue+disease filtered)
  [age filter (HsapDv IDs)]
    Before :   87,947 cells
    After  :   87,947 cells
    Removed:        0 cells  (0.0%)
  SUCCESS: 87,947 normal cells

[89/110] 2adb1f8a-a6b1-4909-8ee8-484814e2d4bf
  Han (2020.0) - Nature
    Querying Census (server-side filtered)...
    Census returned 103,559 cells (tissue+disease filtered)
  [age filter (HsapDv IDs)]
    Before :  103,559 cells
    After  :   72,090 cells
    Removed:   31,469 cells  (30.4%)
  SUCCESS: 72,090 normal cells

[90/110] b46237d1-19c6-4af2-9335-9854634bad16
  Elmentaite (2020.0) - Developmental Cell
    Querying Census (server-side filtered)...
    Census returned 62,849 cells (tissue+disease filtered)
  [age filter (HsapDv IDs)]
    Before :   62,849 cells
    After  :        0 cells
    Removed:   62,849 cells  (100.0%)
  SUCCESS: 0 normal cells

[91/110] 8e47ed12-c658-4252-b126-381df8d52a3d
  Elmentaite (2020.0) - Developmental Cell
    Querying Census (server-side filtered)...
    Census returned 11,302 cells (tissue+disease filtered)
  [age filter (HsapDv IDs)]
    Before :   11,302 cells
    After  :        0 cells
    Removed:   11,302 cells  (100.0%)
  SUCCESS: 0 normal cells

[92/110] 36c867a7-be10-4e69-9b39-5de12b0af6da
  Martin (2019.0) - Cell
    Querying Census (server-side filtered)...
    Census returned 32,458 cells (tissue+disease filtered)
  [age filter (HsapDv IDs)]
    Before :   32,458 cells
    After  :   32,458 cells
    Removed:        0 cells  (0.0%)
  SUCCESS: 32,458 normal cells

[93/110] 019c7af2-c827-4454-9970-44d5e39ce068
  Burclaff (2022.0) - Cellular and Molecular Gastroenterology and Hepatology
    Querying Census (server-side filtered)...
    Census returned 12,590 cells (tissue+disease filtered)
  [age filter (HsapDv IDs)]
    Before :   12,590 cells
    After  :   12,590 cells
    Removed:        0 cells  (0.0%)
  SUCCESS: 12,590 normal cells

[94/110] fa27492b-82ff-4ab7-ac61-0e2b184eee67
  Cao (2020.0) - Science
    Querying Census (server-side filtered)...
    Census returned 15,866 cells (tissue+disease filtered)
  [age filter (HsapDv IDs)]
    Before :   15,866 cells
    After  :        0 cells
    Removed:   15,866 cells  (100.0%)
  SUCCESS: 0 normal cells

[95/110] f7c1c579-2dc0-47e2-ba19-8165c5a0e353
  Cao (2020.0) - Science
    Querying Census (server-side filtered)...
    Census returned 63,756 cells (tissue+disease filtered)
  [age filter (HsapDv IDs)]
    Before :   63,756 cells
    After  :        0 cells
    Removed:   63,756 cells  (100.0%)
  SUCCESS: 0 normal cells

[96/110] d661aeb3-5bf7-497d-832f-2399a1ef9b63
  Oliver (2024.0) - Nature
    Querying Census (server-side filtered)...
    Census returned 29,498 cells (tissue+disease filtered)
  [age filter (HsapDv IDs)]
    Before :   29,498 cells
    After  :        0 cells
    Removed:   29,498 cells  (100.0%)
  SUCCESS: 0 normal cells

[97/110] cbd3d76b-eec6-42e5-a8fb-71dc825e2a74
  Oliver (2024.0) - Nature
    Querying Census (server-side filtered)...
    Census returned 94,479 cells (tissue+disease filtered)
  [age filter (HsapDv IDs)]
    Before :   94,479 cells
    After  :        0 cells
    Removed:   94,479 cells  (100.0%)
  SUCCESS: 0 normal cells

[98/110] bb0818d3-474e-44f4-a82a-169f3c62c94c
  Oliver (2024.0) - Nature
    Querying Census (server-side filtered)...
    Census returned 1,039,951 cells (tissue+disease filtered)
  [age filter (HsapDv IDs)]
    Before : 1,039,951 cells
    After  :  650,686 cells
    Removed:  389,265 cells  (37.4%)
  SUCCESS: 650,686 normal cells

[99/110] 91cc8f50-9c9e-4d9b-84fe-fcd59f852bba
  Oliver (2024.0) - Nature
    Querying Census (server-side filtered)...
    Census returned 117,094 cells (tissue+disease filtered)
  [age filter (HsapDv IDs)]
    Before :  117,094 cells
    After  :        0 cells
    Removed:  117,094 cells  (100.0%)
  SUCCESS: 0 normal cells

[100/110] 8b47073c-8a20-4a37-b234-e1889b43991b
  Oliver (2024.0) - Nature
    Querying Census (server-side filtered)...
    Census returned 8,263 cells (tissue+disease filtered)
  [age filter (HsapDv IDs)]
    Before :    8,263 cells
    After  :    8,263 cells
    Removed:        0 cells  (0.0%)
  SUCCESS: 8,263 normal cells

[101/110] 6f30673d-0464-4d3c-9568-96a266a9b6f6
  Oliver (2024.0) - Nature
    Querying Census (server-side filtered)...
    Census returned 23,362 cells (tissue+disease filtered)
  [age filter (HsapDv IDs)]
    Before :   23,362 cells
    After  :        0 cells
    Removed:   23,362 cells  (100.0%)
  SUCCESS: 0 normal cells

[102/110] 6d50d513-c158-4b0f-b1df-b54c8572163b
  Oliver (2024.0) - Nature
    Querying Census (server-side filtered)...
    Census returned 63,558 cells (tissue+disease filtered)
  [age filter (HsapDv IDs)]
    Before :   63,558 cells
    After  :   54,181 cells
    Removed:    9,377 cells  (14.8%)
  SUCCESS: 54,181 normal cells

[103/110] 5ea56ccf-4662-4303-9d49-abc69b1c435a
  Oliver (2024.0) - Nature
    Querying Census (server-side filtered)...
    Census returned 4,419 cells (tissue+disease filtered)
  [age filter (HsapDv IDs)]
    Before :    4,419 cells
    After  :        0 cells
    Removed:    4,419 cells  (100.0%)
  SUCCESS: 0 normal cells

[104/110] 5525b4bd-e4e1-49d2-8734-0e7e14c5515f
  Oliver (2024.0) - Nature
    Querying Census (server-side filtered)...
    Census returned 4,475 cells (tissue+disease filtered)
  [age filter (HsapDv IDs)]
    Before :    4,475 cells
    After  :        0 cells
    Removed:    4,475 cells  (100.0%)
  SUCCESS: 0 normal cells

[105/110] 2d9f953c-940f-43d4-b9cc-7ea371cefb4c
  Oliver (2024.0) - Nature
    Querying Census (server-side filtered)...
    Census returned 3,983 cells (tissue+disease filtered)
  [age filter (HsapDv IDs)]
    Before :    3,983 cells
    After  :    3,983 cells
    Removed:        0 cells  (0.0%)
  SUCCESS: 3,983 normal cells

[106/110] 27159c75-90c9-4c5d-a4d7-b61fc296dff6
  Oliver (2024.0) - Nature
    Querying Census (server-side filtered)...
    Census returned 107,495 cells (tissue+disease filtered)
  [age filter (HsapDv IDs)]
    Before :  107,495 cells
    After  :  104,797 cells
    Removed:    2,698 cells  (2.5%)
  SUCCESS: 104,797 normal cells

[107/110] 07574da2-6bd3-4708-a04d-27d95c009f4e
  Oliver (2024.0) - Nature
    Querying Census (server-side filtered)...
    Census returned 191,305 cells (tissue+disease filtered)
  [age filter (HsapDv IDs)]
    Before :  191,305 cells
    After  :  181,928 cells
    Removed:    9,377 cells  (4.9%)
  SUCCESS: 181,928 normal cells

[108/110] 80d7111d-f9fe-49fd-871e-6e618312c341
  Wang (2020.0) - Journal of Experimental Medicine
    Querying Census (server-side filtered)...
    Census returned 3,797 cells (tissue+disease filtered)
  [age filter (HsapDv IDs)]
    Before :    3,797 cells
    After  :    3,797 cells
    Removed:        0 cells  (0.0%)
  SUCCESS: 3,797 normal cells

[109/110] 4e74d843-8d7a-497a-918a-f079ef141b6d
  Wang (2020.0) - Journal of Experimental Medicine
    Querying Census (server-side filtered)...
    Census returned 4,329 cells (tissue+disease filtered)
  [age filter (HsapDv IDs)]
    Before :    4,329 cells
    After  :    4,329 cells
    Removed:        0 cells  (0.0%)
  SUCCESS: 4,329 normal cells

[110/110] 248cf7bf-508b-4c28-a2fd-cabe2ab956aa
  Wang (2020.0) - Journal of Experimental Medicine
    Querying Census (server-side filtered)...
    Census returned 5,980 cells (tissue+disease filtered)
  [age filter (HsapDv IDs)]
    Before :    5,980 cells
    After  :    5,980 cells
    Removed:        0 cells  (0.0%)
  SUCCESS: 5,980 normal cells

======================================================================
  Resumed (already done) : 0
  Newly processed        : 110
  Failed                 : 0
  Skipped (no ID)        : 0

======================================================================
Finished: 2026-03-01 22:16:26
Output  : data/homo_sapiens_digestive_tract_harvester_with_normal_counts.csv
======================================================================
